<?xml version="1.0" encoding="UTF-8"?>
<testsuite name="org.example.ExprParserTest" tests="1" skipped="0" failures="0" errors="0" timestamp="2023-02-20T15:06:52" hostname="LAPTOP-QPG3HM29" time="0.068">
  <properties/>
  <testcase name="TestParse()" classname="org.example.ExprParserTest" time="0.068"/>
  <system-out><![CDATA[]]></system-out>
  <system-err><![CDATA[]]></system-err>
</testsuite>
